[02:33:08.552][info] [#0:/nix/store/805rh8zphzap7063qcdz4fnlvlc2m782-lua-language-server-3.7.4/share/lua-language-server/main.lua:66]: Lua Lsp startup, root: 	/nix/store/805rh8zphzap7063qcdz4fnlvlc2m782-lua-language-server-3.7.4/share/lua-language-server
[02:33:08.553][info] [#0:/nix/store/805rh8zphzap7063qcdz4fnlvlc2m782-lua-language-server-3.7.4/share/lua-language-server/main.lua:67]: ROOT:	/nix/store/805rh8zphzap7063qcdz4fnlvlc2m782-lua-language-server-3.7.4/share/lua-language-server
[02:33:08.553][info] [#0:/nix/store/805rh8zphzap7063qcdz4fnlvlc2m782-lua-language-server-3.7.4/share/lua-language-server/main.lua:68]: LOGPATH:	.
[02:33:08.553][info] [#0:/nix/store/805rh8zphzap7063qcdz4fnlvlc2m782-lua-language-server-3.7.4/share/lua-language-server/main.lua:69]: METAPATH:	/home/runner/.cache/lua-language-server/meta
[02:33:08.553][info] [#0:/nix/store/805rh8zphzap7063qcdz4fnlvlc2m782-lua-language-server-3.7.4/share/lua-language-server/main.lua:70]: VERSION:	3.7.4
[02:33:08.577][info] [#0:script/language.lua:137]: VSC language: nil
[02:33:08.577][info] [#0:script/language.lua:138]: LS  language: en-us
[02:33:08.577][info] [#0:script/client.lua:657]: Client init	{
  rootUri = "file:///home/runner/work/fzfx.nvim/fzfx.nvim/lua"
}
[02:33:08.577][info] [#0:script/language.lua:137]: VSC language: nil
[02:33:08.577][info] [#0:script/language.lua:138]: LS  language: en-us
[02:33:08.577][info] [#0:script/workspace/workspace.lua:38]: Workspace init root: 	file:///home/runner/work/fzfx.nvim/fzfx.nvim/lua
[02:33:08.577][info] [#0:script/workspace/workspace.lua:42]: Log path: 	./file_home_runner_work_fzfx.nvim_fzfx.nvim_lua.log
[02:33:08.577][info] [#0:script/workspace/workspace.lua:48]: Workspace create: 	file:///home/runner/work/fzfx.nvim/fzfx.nvim/lua
[02:33:08.578][info] [#0:script/provider/provider.lua:36]: Load config from specified	/home/runner/work/fzfx.nvim/fzfx.nvim/.luarc.json
[02:33:08.578][info] [#0:script/provider/provider.lua:37]: {
  ["diagnostics.globals"] = { "vim", "describe", "before_each", "it", "jit", "utf8" },
  ["runtime.version"] = "LuaJIT",
  ["workspace.checkThirdParty"] = "Disable"
}
[02:33:08.580][info] [#0:script/provider/provider.lua:36]: Load config from specified	/home/runner/work/fzfx.nvim/fzfx.nvim/.luarc.json
[02:33:08.580][info] [#0:script/provider/provider.lua:37]: {
  ["diagnostics.globals"] = { "vim", "describe", "before_each", "it", "jit", "utf8" },
  ["runtime.version"] = "LuaJIT",
  ["workspace.checkThirdParty"] = "Disable"
}
[02:33:08.580][warn] [#0:script/config/loader.lua:116]: No config?	nil
[02:33:08.580][warn] [#0:script/config/loader.lua:116]: No config?	nil
[02:33:08.580][warn] [#0:script/config/loader.lua:116]: No config?	nil
[02:33:08.580][info] [#0:script/provider/provider.lua:61]: Load config from client	fallback
[02:33:08.580][info] [#0:script/provider/provider.lua:62]: nil
[02:33:08.580][warn] [#0:script/config/loader.lua:116]: No config?	nil
[02:33:08.580][info] [#0:script/provider/provider.lua:61]: Load config from client	fallback
[02:33:08.580][info] [#0:script/provider/provider.lua:62]: nil
[02:33:08.580][info] [#0:script/library.lua:212]: Init builtin library at:	file:///home/runner/work/fzfx.nvim/fzfx.nvim/lua
[02:33:08.588][info] [#0:script/library.lua:212]: Init builtin library at:	nil
[02:33:08.595][info] [#0:script/workspace/workspace.lua:324]: Preload start:	file:///home/runner/work/fzfx.nvim/fzfx.nvim/lua
[02:33:08.598][info] [#0:script/workspace/workspace.lua:330]: Scan files at:	file:///home/runner/work/fzfx.nvim/fzfx.nvim/lua
[02:33:08.599][info] [#0:script/workspace/workspace.lua:324]: Preload start:	<fallback>
[02:33:08.601][info] [#0:script/workspace/workspace.lua:353]: Scan library at:	file:///home/runner/.cache/lua-language-server/meta/LuaJIT%20en-us%20utf8/bit.lua
[02:33:08.602][info] [#0:script/workspace/workspace.lua:353]: Scan library at:	file:///home/runner/.cache/lua-language-server/meta/LuaJIT%20en-us%20utf8/debug.lua
[02:33:08.602][info] [#0:script/workspace/workspace.lua:353]: Scan library at:	file:///home/runner/.cache/lua-language-server/meta/LuaJIT%20en-us%20utf8/io.lua
[02:33:08.602][info] [#0:script/workspace/workspace.lua:353]: Scan library at:	file:///home/runner/.cache/lua-language-server/meta/LuaJIT%20en-us%20utf8/basic.lua
[02:33:08.602][info] [#0:script/workspace/workspace.lua:353]: Scan library at:	file:///home/runner/.cache/lua-language-server/meta/LuaJIT%20en-us%20utf8/jit/profile.lua
[02:33:08.602][info] [#0:script/workspace/workspace.lua:353]: Scan library at:	file:///home/runner/.cache/lua-language-server/meta/LuaJIT%20en-us%20utf8/coroutine.lua
[02:33:08.602][info] [#0:script/workspace/workspace.lua:353]: Scan library at:	file:///home/runner/.cache/lua-language-server/meta/LuaJIT%20en-us%20utf8/table.lua
[02:33:08.602][info] [#0:script/workspace/workspace.lua:353]: Scan library at:	file:///home/runner/.cache/lua-language-server/meta/LuaJIT%20en-us%20utf8/string/buffer.lua
[02:33:08.602][info] [#0:script/workspace/workspace.lua:353]: Scan library at:	file:///home/runner/.cache/lua-language-server/meta/LuaJIT%20en-us%20utf8/table/new.lua
[02:33:08.603][info] [#0:script/workspace/workspace.lua:353]: Scan library at:	file:///home/runner/.cache/lua-language-server/meta/LuaJIT%20en-us%20utf8/math.lua
[02:33:08.603][info] [#0:script/workspace/workspace.lua:353]: Scan library at:	file:///home/runner/.cache/lua-language-server/meta/LuaJIT%20en-us%20utf8/os.lua
[02:33:08.603][info] [#0:script/workspace/workspace.lua:353]: Scan library at:	file:///home/runner/.cache/lua-language-server/meta/LuaJIT%20en-us%20utf8/builtin.lua
[02:33:08.603][info] [#0:script/workspace/workspace.lua:353]: Scan library at:	file:///home/runner/.cache/lua-language-server/meta/LuaJIT%20en-us%20utf8/ffi.lua
[02:33:08.603][info] [#0:script/workspace/workspace.lua:353]: Scan library at:	file:///home/runner/.cache/lua-language-server/meta/LuaJIT%20en-us%20utf8/string.lua
[02:33:08.603][info] [#0:script/workspace/workspace.lua:353]: Scan library at:	file:///home/runner/.cache/lua-language-server/meta/LuaJIT%20en-us%20utf8/jit/util.lua
[02:33:08.603][info] [#0:script/workspace/workspace.lua:353]: Scan library at:	file:///home/runner/.cache/lua-language-server/meta/LuaJIT%20en-us%20utf8/package.lua
[02:33:08.603][info] [#0:script/workspace/workspace.lua:353]: Scan library at:	file:///home/runner/.cache/lua-language-server/meta/LuaJIT%20en-us%20utf8/table/clear.lua
[02:33:08.604][info] [#0:script/workspace/workspace.lua:353]: Scan library at:	file:///home/runner/.cache/lua-language-server/meta/LuaJIT%20en-us%20utf8/jit.lua
[02:33:08.606][info] [#0:script/workspace/workspace.lua:353]: Scan library at:	file:///home/runner/.cache/lua-language-server/meta/LuaJIT%20en-us%20utf8/bit.lua
[02:33:08.606][info] [#0:script/workspace/workspace.lua:353]: Scan library at:	file:///home/runner/.cache/lua-language-server/meta/LuaJIT%20en-us%20utf8/debug.lua
[02:33:08.606][info] [#0:script/workspace/workspace.lua:353]: Scan library at:	file:///home/runner/.cache/lua-language-server/meta/LuaJIT%20en-us%20utf8/io.lua
[02:33:08.606][info] [#0:script/workspace/workspace.lua:353]: Scan library at:	file:///home/runner/.cache/lua-language-server/meta/LuaJIT%20en-us%20utf8/basic.lua
[02:33:08.606][info] [#0:script/workspace/workspace.lua:353]: Scan library at:	file:///home/runner/.cache/lua-language-server/meta/LuaJIT%20en-us%20utf8/jit/profile.lua
[02:33:08.606][info] [#0:script/workspace/workspace.lua:353]: Scan library at:	file:///home/runner/.cache/lua-language-server/meta/LuaJIT%20en-us%20utf8/coroutine.lua
[02:33:08.606][info] [#0:script/workspace/workspace.lua:353]: Scan library at:	file:///home/runner/.cache/lua-language-server/meta/LuaJIT%20en-us%20utf8/table.lua
[02:33:08.606][info] [#0:script/workspace/workspace.lua:353]: Scan library at:	file:///home/runner/.cache/lua-language-server/meta/LuaJIT%20en-us%20utf8/string/buffer.lua
[02:33:08.607][info] [#0:script/workspace/workspace.lua:353]: Scan library at:	file:///home/runner/.cache/lua-language-server/meta/LuaJIT%20en-us%20utf8/table/new.lua
[02:33:08.607][info] [#0:script/workspace/workspace.lua:353]: Scan library at:	file:///home/runner/.cache/lua-language-server/meta/LuaJIT%20en-us%20utf8/math.lua
[02:33:08.607][info] [#0:script/workspace/workspace.lua:353]: Scan library at:	file:///home/runner/.cache/lua-language-server/meta/LuaJIT%20en-us%20utf8/os.lua
[02:33:08.607][info] [#0:script/workspace/workspace.lua:353]: Scan library at:	file:///home/runner/.cache/lua-language-server/meta/LuaJIT%20en-us%20utf8/builtin.lua
[02:33:08.607][info] [#0:script/workspace/workspace.lua:353]: Scan library at:	file:///home/runner/.cache/lua-language-server/meta/LuaJIT%20en-us%20utf8/ffi.lua
[02:33:08.607][info] [#0:script/workspace/workspace.lua:353]: Scan library at:	file:///home/runner/.cache/lua-language-server/meta/LuaJIT%20en-us%20utf8/string.lua
[02:33:08.607][info] [#0:script/workspace/workspace.lua:353]: Scan library at:	file:///home/runner/.cache/lua-language-server/meta/LuaJIT%20en-us%20utf8/jit/util.lua
[02:33:08.607][info] [#0:script/workspace/workspace.lua:353]: Scan library at:	file:///home/runner/.cache/lua-language-server/meta/LuaJIT%20en-us%20utf8/package.lua
[02:33:08.607][info] [#0:script/workspace/workspace.lua:353]: Scan library at:	file:///home/runner/.cache/lua-language-server/meta/LuaJIT%20en-us%20utf8/table/clear.lua
[02:33:08.607][info] [#0:script/workspace/workspace.lua:353]: Scan library at:	file:///home/runner/.cache/lua-language-server/meta/LuaJIT%20en-us%20utf8/jit.lua
[02:33:08.607][info] [#0:script/workspace/workspace.lua:379]: Found 18 files at:	<fallback>
[02:33:08.607][info] [#0:script/workspace/loading.lua:161]: Load files from disk:	<fallback>
[02:33:08.607][info] [#0:script/workspace/loading.lua:101]: Preload file at: file:///home/runner/.cache/lua-language-server/meta/LuaJIT%20en-us%20utf8/jit.lua , size = 0.884 KB
[02:33:08.609][info] [#0:script/workspace/loading.lua:113]: ++++As library of:	file:///home/runner/.cache/lua-language-server/meta/LuaJIT%20en-us%20utf8/jit.lua
[02:33:08.609][info] [#0:script/workspace/workspace.lua:379]: Found 99 files at:	file:///home/runner/work/fzfx.nvim/fzfx.nvim/lua
[02:33:08.609][info] [#0:script/workspace/loading.lua:161]: Load files from disk:	file:///home/runner/work/fzfx.nvim/fzfx.nvim/lua
[02:33:08.609][info] [#0:script/workspace/loading.lua:89]: Skip loaded file: file:///home/runner/.cache/lua-language-server/meta/LuaJIT%20en-us%20utf8/jit.lua
[02:33:08.609][info] [#0:script/workspace/loading.lua:113]: ++++As library of:	file:///home/runner/.cache/lua-language-server/meta/LuaJIT%20en-us%20utf8/jit.lua
[02:33:08.609][info] [#0:script/workspace/loading.lua:101]: Preload file at: file:///home/runner/.cache/lua-language-server/meta/LuaJIT%20en-us%20utf8/table/clear.lua , size = 0.797 KB
[02:33:08.609][info] [#0:script/workspace/loading.lua:113]: ++++As library of:	file:///home/runner/.cache/lua-language-server/meta/LuaJIT%20en-us%20utf8/table/clear.lua
[02:33:08.609][info] [#0:script/workspace/loading.lua:89]: Skip loaded file: file:///home/runner/.cache/lua-language-server/meta/LuaJIT%20en-us%20utf8/table/clear.lua
[02:33:08.609][info] [#0:script/workspace/loading.lua:113]: ++++As library of:	file:///home/runner/.cache/lua-language-server/meta/LuaJIT%20en-us%20utf8/table/clear.lua
[02:33:08.610][info] [#0:script/workspace/loading.lua:101]: Preload file at: file:///home/runner/.cache/lua-language-server/meta/LuaJIT%20en-us%20utf8/package.lua , size = 2.699 KB
[02:33:08.612][info] [#0:script/workspace/loading.lua:113]: ++++As library of:	file:///home/runner/.cache/lua-language-server/meta/LuaJIT%20en-us%20utf8/package.lua
[02:33:08.612][info] [#0:script/workspace/loading.lua:89]: Skip loaded file: file:///home/runner/.cache/lua-language-server/meta/LuaJIT%20en-us%20utf8/package.lua
[02:33:08.612][info] [#0:script/workspace/loading.lua:113]: ++++As library of:	file:///home/runner/.cache/lua-language-server/meta/LuaJIT%20en-us%20utf8/package.lua
[02:33:08.612][info] [#0:script/workspace/loading.lua:101]: Preload file at: file:///home/runner/.cache/lua-language-server/meta/LuaJIT%20en-us%20utf8/jit/util.lua , size = 1.984 KB
[02:33:08.613][info] [#0:script/workspace/loading.lua:113]: ++++As library of:	file:///home/runner/.cache/lua-language-server/meta/LuaJIT%20en-us%20utf8/jit/util.lua
[02:33:08.613][info] [#0:script/workspace/loading.lua:89]: Skip loaded file: file:///home/runner/.cache/lua-language-server/meta/LuaJIT%20en-us%20utf8/jit/util.lua
[02:33:08.613][info] [#0:script/workspace/loading.lua:113]: ++++As library of:	file:///home/runner/.cache/lua-language-server/meta/LuaJIT%20en-us%20utf8/jit/util.lua
[02:33:08.613][info] [#0:script/workspace/loading.lua:101]: Preload file at: file:///home/runner/.cache/lua-language-server/meta/LuaJIT%20en-us%20utf8/string.lua , size = 6.323 KB
[02:33:08.617][info] [#0:script/workspace/loading.lua:113]: ++++As library of:	file:///home/runner/.cache/lua-language-server/meta/LuaJIT%20en-us%20utf8/string.lua
[02:33:08.617][info] [#0:script/workspace/loading.lua:89]: Skip loaded file: file:///home/runner/.cache/lua-language-server/meta/LuaJIT%20en-us%20utf8/string.lua
[02:33:08.617][info] [#0:script/workspace/loading.lua:113]: ++++As library of:	file:///home/runner/.cache/lua-language-server/meta/LuaJIT%20en-us%20utf8/string.lua
[02:33:08.617][info] [#0:script/workspace/loading.lua:101]: Preload file at: file:///home/runner/.cache/lua-language-server/meta/LuaJIT%20en-us%20utf8/ffi.lua , size = 2.529 KB
[02:33:08.619][info] [#0:script/workspace/loading.lua:113]: ++++As library of:	file:///home/runner/.cache/lua-language-server/meta/LuaJIT%20en-us%20utf8/ffi.lua
[02:33:08.619][info] [#0:script/workspace/loading.lua:89]: Skip loaded file: file:///home/runner/.cache/lua-language-server/meta/LuaJIT%20en-us%20utf8/ffi.lua
[02:33:08.619][info] [#0:script/workspace/loading.lua:113]: ++++As library of:	file:///home/runner/.cache/lua-language-server/meta/LuaJIT%20en-us%20utf8/ffi.lua
[02:33:08.619][info] [#0:script/workspace/loading.lua:101]: Preload file at: file:///home/runner/.cache/lua-language-server/meta/LuaJIT%20en-us%20utf8/builtin.lua , size = 0.302 KB
[02:33:08.621][info] [#0:script/workspace/loading.lua:113]: ++++As library of:	file:///home/runner/.cache/lua-language-server/meta/LuaJIT%20en-us%20utf8/builtin.lua
[02:33:08.621][info] [#0:script/workspace/loading.lua:89]: Skip loaded file: file:///home/runner/.cache/lua-language-server/meta/LuaJIT%20en-us%20utf8/builtin.lua
[02:33:08.621][info] [#0:script/workspace/loading.lua:113]: ++++As library of:	file:///home/runner/.cache/lua-language-server/meta/LuaJIT%20en-us%20utf8/builtin.lua
[02:33:08.621][info] [#0:script/workspace/loading.lua:101]: Preload file at: file:///home/runner/.cache/lua-language-server/meta/LuaJIT%20en-us%20utf8/os.lua , size = 5.600 KB
[02:33:08.624][info] [#0:script/workspace/loading.lua:113]: ++++As library of:	file:///home/runner/.cache/lua-language-server/meta/LuaJIT%20en-us%20utf8/os.lua
[02:33:08.624][info] [#0:script/workspace/loading.lua:89]: Skip loaded file: file:///home/runner/.cache/lua-language-server/meta/LuaJIT%20en-us%20utf8/os.lua
[02:33:08.624][info] [#0:script/workspace/loading.lua:113]: ++++As library of:	file:///home/runner/.cache/lua-language-server/meta/LuaJIT%20en-us%20utf8/os.lua
[02:33:08.624][info] [#0:script/workspace/loading.lua:101]: Preload file at: file:///home/runner/.cache/lua-language-server/meta/LuaJIT%20en-us%20utf8/math.lua , size = 7.949 KB
[02:33:08.628][info] [#0:script/workspace/loading.lua:113]: ++++As library of:	file:///home/runner/.cache/lua-language-server/meta/LuaJIT%20en-us%20utf8/math.lua
[02:33:08.628][info] [#0:script/workspace/loading.lua:89]: Skip loaded file: file:///home/runner/.cache/lua-language-server/meta/LuaJIT%20en-us%20utf8/math.lua
[02:33:08.628][info] [#0:script/workspace/loading.lua:113]: ++++As library of:	file:///home/runner/.cache/lua-language-server/meta/LuaJIT%20en-us%20utf8/math.lua
[02:33:08.628][info] [#0:script/workspace/loading.lua:101]: Preload file at: file:///home/runner/.cache/lua-language-server/meta/LuaJIT%20en-us%20utf8/table/new.lua , size = 0.642 KB
[02:33:08.629][info] [#0:script/workspace/loading.lua:113]: ++++As library of:	file:///home/runner/.cache/lua-language-server/meta/LuaJIT%20en-us%20utf8/table/new.lua
[02:33:08.629][info] [#0:script/workspace/loading.lua:89]: Skip loaded file: file:///home/runner/.cache/lua-language-server/meta/LuaJIT%20en-us%20utf8/table/new.lua
[02:33:08.629][info] [#0:script/workspace/loading.lua:113]: ++++As library of:	file:///home/runner/.cache/lua-language-server/meta/LuaJIT%20en-us%20utf8/table/new.lua
[02:33:08.629][info] [#0:script/workspace/loading.lua:101]: Preload file at: file:///home/runner/.cache/lua-language-server/meta/LuaJIT%20en-us%20utf8/string/buffer.lua , size = 18.123 KB
[02:33:08.634][info] [#0:script/workspace/loading.lua:113]: ++++As library of:	file:///home/runner/.cache/lua-language-server/meta/LuaJIT%20en-us%20utf8/string/buffer.lua
[02:33:08.634][info] [#0:script/workspace/loading.lua:89]: Skip loaded file: file:///home/runner/.cache/lua-language-server/meta/LuaJIT%20en-us%20utf8/string/buffer.lua
[02:33:08.634][info] [#0:script/workspace/loading.lua:113]: ++++As library of:	file:///home/runner/.cache/lua-language-server/meta/LuaJIT%20en-us%20utf8/string/buffer.lua
[02:33:08.634][info] [#0:script/workspace/loading.lua:101]: Preload file at: file:///home/runner/.cache/lua-language-server/meta/LuaJIT%20en-us%20utf8/table.lua , size = 4.230 KB
[02:33:08.636][info] [#0:script/workspace/loading.lua:113]: ++++As library of:	file:///home/runner/.cache/lua-language-server/meta/LuaJIT%20en-us%20utf8/table.lua
[02:33:08.636][info] [#0:script/workspace/loading.lua:89]: Skip loaded file: file:///home/runner/.cache/lua-language-server/meta/LuaJIT%20en-us%20utf8/table.lua
[02:33:08.636][info] [#0:script/workspace/loading.lua:113]: ++++As library of:	file:///home/runner/.cache/lua-language-server/meta/LuaJIT%20en-us%20utf8/table.lua
[02:33:08.636][info] [#0:script/workspace/loading.lua:101]: Preload file at: file:///home/runner/.cache/lua-language-server/meta/LuaJIT%20en-us%20utf8/coroutine.lua , size = 2.541 KB
[02:33:08.637][info] [#0:script/workspace/loading.lua:113]: ++++As library of:	file:///home/runner/.cache/lua-language-server/meta/LuaJIT%20en-us%20utf8/coroutine.lua
[02:33:08.637][info] [#0:script/workspace/loading.lua:89]: Skip loaded file: file:///home/runner/.cache/lua-language-server/meta/LuaJIT%20en-us%20utf8/coroutine.lua
[02:33:08.637][info] [#0:script/workspace/loading.lua:113]: ++++As library of:	file:///home/runner/.cache/lua-language-server/meta/LuaJIT%20en-us%20utf8/coroutine.lua
[02:33:08.638][info] [#0:script/workspace/loading.lua:101]: Preload file at: file:///home/runner/.cache/lua-language-server/meta/LuaJIT%20en-us%20utf8/jit/profile.lua , size = 0.348 KB
[02:33:08.638][info] [#0:script/workspace/loading.lua:113]: ++++As library of:	file:///home/runner/.cache/lua-language-server/meta/LuaJIT%20en-us%20utf8/jit/profile.lua
[02:33:08.638][info] [#0:script/workspace/loading.lua:89]: Skip loaded file: file:///home/runner/.cache/lua-language-server/meta/LuaJIT%20en-us%20utf8/jit/profile.lua
[02:33:08.638][info] [#0:script/workspace/loading.lua:113]: ++++As library of:	file:///home/runner/.cache/lua-language-server/meta/LuaJIT%20en-us%20utf8/jit/profile.lua
[02:33:08.638][info] [#0:script/workspace/loading.lua:101]: Preload file at: file:///home/runner/.cache/lua-language-server/meta/LuaJIT%20en-us%20utf8/basic.lua , size = 14.989 KB
[02:33:08.645][info] [#0:script/workspace/loading.lua:113]: ++++As library of:	file:///home/runner/.cache/lua-language-server/meta/LuaJIT%20en-us%20utf8/basic.lua
[02:33:08.645][info] [#0:script/workspace/loading.lua:89]: Skip loaded file: file:///home/runner/.cache/lua-language-server/meta/LuaJIT%20en-us%20utf8/basic.lua
[02:33:08.645][info] [#0:script/workspace/loading.lua:113]: ++++As library of:	file:///home/runner/.cache/lua-language-server/meta/LuaJIT%20en-us%20utf8/basic.lua
[02:33:08.645][info] [#0:script/workspace/loading.lua:101]: Preload file at: file:///home/runner/.cache/lua-language-server/meta/LuaJIT%20en-us%20utf8/io.lua , size = 6.364 KB
[02:33:08.648][info] [#0:script/workspace/loading.lua:113]: ++++As library of:	file:///home/runner/.cache/lua-language-server/meta/LuaJIT%20en-us%20utf8/io.lua
[02:33:08.648][info] [#0:script/workspace/loading.lua:89]: Skip loaded file: file:///home/runner/.cache/lua-language-server/meta/LuaJIT%20en-us%20utf8/io.lua
[02:33:08.648][info] [#0:script/workspace/loading.lua:113]: ++++As library of:	file:///home/runner/.cache/lua-language-server/meta/LuaJIT%20en-us%20utf8/io.lua
[02:33:08.648][info] [#0:script/workspace/loading.lua:101]: Preload file at: file:///home/runner/.cache/lua-language-server/meta/LuaJIT%20en-us%20utf8/debug.lua , size = 7.310 KB
[02:33:08.654][info] [#0:script/workspace/loading.lua:113]: ++++As library of:	file:///home/runner/.cache/lua-language-server/meta/LuaJIT%20en-us%20utf8/debug.lua
[02:33:08.654][info] [#0:script/workspace/loading.lua:89]: Skip loaded file: file:///home/runner/.cache/lua-language-server/meta/LuaJIT%20en-us%20utf8/debug.lua
[02:33:08.654][info] [#0:script/workspace/loading.lua:113]: ++++As library of:	file:///home/runner/.cache/lua-language-server/meta/LuaJIT%20en-us%20utf8/debug.lua
[02:33:08.654][info] [#0:script/workspace/loading.lua:101]: Preload file at: file:///home/runner/.cache/lua-language-server/meta/LuaJIT%20en-us%20utf8/bit.lua , size = 1.320 KB
[02:33:08.655][info] [#0:script/workspace/loading.lua:113]: ++++As library of:	file:///home/runner/.cache/lua-language-server/meta/LuaJIT%20en-us%20utf8/bit.lua
[02:33:08.655][info] [#0:script/workspace/loading.lua:89]: Skip loaded file: file:///home/runner/.cache/lua-language-server/meta/LuaJIT%20en-us%20utf8/bit.lua
[02:33:08.655][info] [#0:script/workspace/loading.lua:113]: ++++As library of:	file:///home/runner/.cache/lua-language-server/meta/LuaJIT%20en-us%20utf8/bit.lua
[02:33:08.655][info] [#0:script/workspace/loading.lua:173]: Loaded files takes [0.048] sec: <fallback>
[02:33:08.655][info] [#0:script/workspace/loading.lua:182]: Compile files takes [0.000] sec: <fallback>
[02:33:08.655][info] [#0:script/workspace/loading.lua:183]: Loaded finish:	<fallback>
[02:33:08.655][info] [#0:script/workspace/workspace.lua:381]: Preload finish at:	<fallback>
[02:33:08.657][info] [#0:script/workspace/loading.lua:101]: Preload file at: file:///home/runner/work/fzfx.nvim/fzfx.nvim/lua/fzfx.lua , size = 2.917 KB
[02:33:08.658][info] [#0:script/workspace/loading.lua:101]: Preload file at: file:///home/runner/work/fzfx.nvim/fzfx.nvim/lua/fzfx/config.lua , size = 9.192 KB
[02:33:08.661][info] [#0:script/workspace/loading.lua:101]: Preload file at: file:///home/runner/work/fzfx.nvim/fzfx.nvim/lua/fzfx/helper/actions.lua , size = 19.774 KB
[02:33:08.675][info] [#0:script/workspace/loading.lua:101]: Preload file at: file:///home/runner/work/fzfx.nvim/fzfx.nvim/lua/fzfx/helper/parsers.lua , size = 21.117 KB
[02:33:08.686][info] [#0:script/workspace/loading.lua:101]: Preload file at: file:///home/runner/work/fzfx.nvim/fzfx.nvim/lua/fzfx/helper/previewer_labels.lua , size = 4.752 KB
[02:33:08.690][info] [#0:script/workspace/loading.lua:101]: Preload file at: file:///home/runner/work/fzfx.nvim/fzfx.nvim/lua/fzfx/helper/prompts.lua , size = 0.750 KB
[02:33:08.690][info] [#0:script/workspace/loading.lua:101]: Preload file at: file:///home/runner/work/fzfx.nvim/fzfx.nvim/lua/fzfx/helper/queries.lua , size = 0.553 KB
[02:33:08.691][info] [#0:script/workspace/loading.lua:101]: Preload file at: file:///home/runner/work/fzfx.nvim/fzfx.nvim/lua/fzfx/helper/providers.lua , size = 2.027 KB
[02:33:08.692][info] [#0:script/workspace/loading.lua:101]: Preload file at: file:///home/runner/work/fzfx.nvim/fzfx.nvim/lua/fzfx/helper/contexts.lua , size = 0.211 KB
[02:33:08.692][info] [#0:script/workspace/loading.lua:101]: Preload file at: file:///home/runner/work/fzfx.nvim/fzfx.nvim/lua/fzfx/helper/bat_themes.lua , size = 3.910 KB
[02:33:08.695][info] [#0:script/workspace/loading.lua:101]: Preload file at: file:///home/runner/work/fzfx.nvim/fzfx.nvim/lua/fzfx/helper/provider_decorators/prepend_icon_find.lua , size = 0.212 KB
[02:33:08.695][info] [#0:script/workspace/loading.lua:101]: Preload file at: file:///home/runner/work/fzfx.nvim/fzfx.nvim/lua/fzfx/helper/provider_decorators/prepend_icon_grep.lua , size = 0.220 KB
[02:33:08.696][info] [#0:script/workspace/loading.lua:101]: Preload file at: file:///home/runner/work/fzfx.nvim/fzfx.nvim/lua/fzfx/helper/provider_decorators/_prepend_icon.lua , size = 1.600 KB
[02:33:08.697][info] [#0:script/workspace/loading.lua:101]: Preload file at: file:///home/runner/work/fzfx.nvim/fzfx.nvim/lua/fzfx/helper/previewers.lua , size = 6.093 KB
[02:33:08.700][info] [#0:script/workspace/loading.lua:101]: Preload file at: file:///home/runner/work/fzfx.nvim/fzfx.nvim/lua/fzfx/commons/logging.lua , size = 15.136 KB
[02:33:08.712][info] [#0:script/workspace/loading.lua:101]: Preload file at: file:///home/runner/work/fzfx.nvim/fzfx.nvim/lua/fzfx/commons/_json.lua , size = 14.780 KB
[02:33:08.720][info] [#0:script/workspace/loading.lua:101]: Preload file at: file:///home/runner/work/fzfx.nvim/fzfx.nvim/lua/fzfx/commons/version.lua , size = 2.095 KB
[02:33:08.722][info] [#0:script/workspace/loading.lua:101]: Preload file at: file:///home/runner/work/fzfx.nvim/fzfx.nvim/lua/fzfx/commons/spawn.lua , size = 3.431 KB
[02:33:08.724][info] [#0:script/workspace/loading.lua:101]: Preload file at: file:///home/runner/work/fzfx.nvim/fzfx.nvim/lua/fzfx/commons/str.lua , size = 6.344 KB
[02:33:08.734][info] [#0:script/workspace/loading.lua:101]: Preload file at: file:///home/runner/work/fzfx.nvim/fzfx.nvim/lua/fzfx/commons/platform.lua , size = 0.399 KB
[02:33:08.734][info] [#0:script/workspace/loading.lua:101]: Preload file at: file:///home/runner/work/fzfx.nvim/fzfx.nvim/lua/fzfx/commons/ringbuf.lua , size = 4.404 KB
[02:33:08.738][info] [#0:script/workspace/loading.lua:101]: Preload file at: file:///home/runner/work/fzfx.nvim/fzfx.nvim/lua/fzfx/commons/tbl.lua , size = 13.944 KB
[02:33:08.750][info] [#0:script/workspace/loading.lua:101]: Preload file at: file:///home/runner/work/fzfx.nvim/fzfx.nvim/lua/fzfx/commons/fileio.lua , size = 13.347 KB
[02:33:08.758][info] [#0:script/workspace/loading.lua:101]: Preload file at: file:///home/runner/work/fzfx.nvim/fzfx.nvim/lua/fzfx/commons/api.lua , size = 2.938 KB
[02:33:08.761][info] [#0:script/workspace/loading.lua:101]: Preload file at: file:///home/runner/work/fzfx.nvim/fzfx.nvim/lua/fzfx/commons/num.lua , size = 4.624 KB
[02:33:08.764][info] [#0:script/workspace/loading.lua:101]: Preload file at: file:///home/runner/work/fzfx.nvim/fzfx.nvim/lua/fzfx/commons/uv.lua , size = 0.025 KB
[02:33:08.765][info] [#0:script/workspace/loading.lua:101]: Preload file at: file:///home/runner/work/fzfx.nvim/fzfx.nvim/lua/fzfx/commons/promise/init.lua , size = 9.167 KB
[02:33:08.770][info] [#0:script/workspace/loading.lua:101]: Preload file at: file:///home/runner/work/fzfx.nvim/fzfx.nvim/lua/fzfx/commons/promise/test/helper.lua , size = 0.780 KB
[02:33:08.771][info] [#0:script/workspace/loading.lua:101]: Preload file at: file:///home/runner/work/fzfx.nvim/fzfx.nvim/lua/fzfx/commons/json.lua , size = 0.329 KB
[02:33:08.772][info] [#0:script/workspace/loading.lua:101]: Preload file at: file:///home/runner/work/fzfx.nvim/fzfx.nvim/lua/fzfx/commons/micro-async/init.lua , size = 6.905 KB
[02:33:08.776][info] [#0:script/workspace/loading.lua:101]: Preload file at: file:///home/runner/work/fzfx.nvim/fzfx.nvim/lua/fzfx/commons/micro-async/lsp.lua , size = 1.810 KB
[02:33:08.778][info] [#0:script/workspace/loading.lua:101]: Preload file at: file:///home/runner/work/fzfx.nvim/fzfx.nvim/lua/fzfx/commons/micro-async/uv.lua , size = 5.014 KB
[02:33:08.782][info] [#0:script/workspace/loading.lua:101]: Preload file at: file:///home/runner/work/fzfx.nvim/fzfx.nvim/lua/fzfx/commons/color/term.lua , size = 3.022 KB
[02:33:08.784][info] [#0:script/workspace/loading.lua:101]: Preload file at: file:///home/runner/work/fzfx.nvim/fzfx.nvim/lua/fzfx/commons/color/hl.lua , size = 1.157 KB
[02:33:08.785][info] [#0:script/workspace/loading.lua:101]: Preload file at: file:///home/runner/work/fzfx.nvim/fzfx.nvim/lua/fzfx/commons/color/hsl.lua , size = 9.282 KB
[02:33:08.790][info] [#0:script/workspace/loading.lua:101]: Preload file at: file:///home/runner/work/fzfx.nvim/fzfx.nvim/lua/fzfx/commons/async.lua , size = 7.100 KB
[02:33:08.801][info] [#0:script/workspace/loading.lua:101]: Preload file at: file:///home/runner/work/fzfx.nvim/fzfx.nvim/lua/fzfx/commons/path.lua , size = 5.230 KB
[02:33:08.805][info] [#0:script/workspace/loading.lua:101]: Preload file at: file:///home/runner/work/fzfx.nvim/fzfx.nvim/lua/fzfx/commons/_system.lua , size = 9.102 KB
[02:33:08.811][info] [#0:script/workspace/loading.lua:101]: Preload file at: file:///home/runner/work/fzfx.nvim/fzfx.nvim/lua/fzfx/schema.lua , size = 7.279 KB
[02:33:08.814][info] [#0:script/workspace/loading.lua:101]: Preload file at: file:///home/runner/work/fzfx.nvim/fzfx.nvim/lua/fzfx/lib/asyncs.lua , size = 0.479 KB
[02:33:08.815][info] [#0:script/workspace/loading.lua:101]: Preload file at: file:///home/runner/work/fzfx.nvim/fzfx.nvim/lua/fzfx/lib/constants.lua , size = 1.715 KB
[02:33:08.816][info] [#0:script/workspace/loading.lua:101]: Preload file at: file:///home/runner/work/fzfx.nvim/fzfx.nvim/lua/fzfx/lib/log.lua , size = 3.652 KB
[02:33:08.819][info] [#0:script/workspace/loading.lua:101]: Preload file at: file:///home/runner/work/fzfx.nvim/fzfx.nvim/lua/fzfx/lib/commands.lua , size = 4.908 KB
[02:33:08.822][info] [#0:script/workspace/loading.lua:101]: Preload file at: file:///home/runner/work/fzfx.nvim/fzfx.nvim/lua/fzfx/lib/deprecations.lua , size = 0.775 KB
[02:33:08.823][info] [#0:script/workspace/loading.lua:101]: Preload file at: file:///home/runner/work/fzfx.nvim/fzfx.nvim/lua/fzfx/lib/shells.lua , size = 0.510 KB
[02:33:08.823][info] [#0:script/workspace/loading.lua:101]: Preload file at: file:///home/runner/work/fzfx.nvim/fzfx.nvim/lua/fzfx/lib/switches.lua , size = 0.318 KB
[02:33:08.824][info] [#0:script/workspace/loading.lua:101]: Preload file at: file:///home/runner/work/fzfx.nvim/fzfx.nvim/lua/fzfx/lib/bufs.lua , size = 0.351 KB
[02:33:08.824][info] [#0:script/workspace/loading.lua:101]: Preload file at: file:///home/runner/work/fzfx.nvim/fzfx.nvim/lua/fzfx/lib/env.lua , size = 0.502 KB
[02:33:08.825][info] [#0:script/workspace/loading.lua:101]: Preload file at: file:///home/runner/work/fzfx.nvim/fzfx.nvim/lua/fzfx/cfg/lsp_incoming_calls.lua , size = 0.969 KB
[02:33:08.825][info] [#0:script/workspace/loading.lua:101]: Preload file at: file:///home/runner/work/fzfx.nvim/fzfx.nvim/lua/fzfx/cfg/vim_marks.lua , size = 8.349 KB
[02:33:08.829][info] [#0:script/workspace/loading.lua:101]: Preload file at: file:///home/runner/work/fzfx.nvim/fzfx.nvim/lua/fzfx/cfg/git_status.lua , size = 3.876 KB
[02:33:08.831][info] [#0:script/workspace/loading.lua:101]: Preload file at: file:///home/runner/work/fzfx.nvim/fzfx.nvim/lua/fzfx/cfg/lsp_implementations.lua , size = 0.969 KB
[02:33:08.832][info] [#0:script/workspace/loading.lua:101]: Preload file at: file:///home/runner/work/fzfx.nvim/fzfx.nvim/lua/fzfx/cfg/git_branches.lua , size = 4.813 KB
[02:33:08.835][info] [#0:script/workspace/loading.lua:101]: Preload file at: file:///home/runner/work/fzfx.nvim/fzfx.nvim/lua/fzfx/cfg/files.lua , size = 3.593 KB
[02:33:08.836][info] [#0:script/workspace/loading.lua:101]: Preload file at: file:///home/runner/work/fzfx.nvim/fzfx.nvim/lua/fzfx/cfg/git_commits.lua , size = 3.580 KB
[02:33:08.838][info] [#0:script/workspace/loading.lua:101]: Preload file at: file:///home/runner/work/fzfx.nvim/fzfx.nvim/lua/fzfx/cfg/live_grep.lua , size = 7.607 KB
[02:33:08.842][info] [#0:script/workspace/loading.lua:101]: Preload file at: file:///home/runner/work/fzfx.nvim/fzfx.nvim/lua/fzfx/cfg/vim_keymaps.lua , size = 16.518 KB
[02:33:08.850][info] [#0:script/workspace/loading.lua:101]: Preload file at: file:///home/runner/work/fzfx.nvim/fzfx.nvim/lua/fzfx/cfg/lsp_references.lua , size = 0.946 KB
[02:33:08.851][info] [#0:script/workspace/loading.lua:101]: Preload file at: file:///home/runner/work/fzfx.nvim/fzfx.nvim/lua/fzfx/cfg/git_files.lua , size = 3.993 KB
[02:33:08.853][info] [#0:script/workspace/loading.lua:101]: Preload file at: file:///home/runner/work/fzfx.nvim/fzfx.nvim/lua/fzfx/cfg/lsp_type_definitions.lua , size = 0.971 KB
[02:33:08.853][info] [#0:script/workspace/loading.lua:101]: Preload file at: file:///home/runner/work/fzfx.nvim/fzfx.nvim/lua/fzfx/cfg/git_blame.lua , size = 2.321 KB
[02:33:08.855][info] [#0:script/workspace/loading.lua:101]: Preload file at: file:///home/runner/work/fzfx.nvim/fzfx.nvim/lua/fzfx/cfg/_lsp_locations.lua , size = 17.173 KB
[02:33:08.864][info] [#0:script/workspace/loading.lua:101]: Preload file at: file:///home/runner/work/fzfx.nvim/fzfx.nvim/lua/fzfx/cfg/lsp_diagnostics.lua , size = 7.684 KB
[02:33:08.868][info] [#0:script/workspace/loading.lua:101]: Preload file at: file:///home/runner/work/fzfx.nvim/fzfx.nvim/lua/fzfx/cfg/lsp_outgoing_calls.lua , size = 0.969 KB
[02:33:08.869][info] [#0:script/workspace/loading.lua:101]: Preload file at: file:///home/runner/work/fzfx.nvim/fzfx.nvim/lua/fzfx/cfg/lsp_definitions.lua , size = 0.994 KB
[02:33:08.870][info] [#0:script/workspace/loading.lua:101]: Preload file at: file:///home/runner/work/fzfx.nvim/fzfx.nvim/lua/fzfx/cfg/git_live_grep.lua , size = 2.548 KB
[02:33:08.871][info] [#0:script/workspace/loading.lua:101]: Preload file at: file:///home/runner/work/fzfx.nvim/fzfx.nvim/lua/fzfx/cfg/vim_commands.lua , size = 19.393 KB
[02:33:08.880][info] [#0:script/workspace/loading.lua:101]: Preload file at: file:///home/runner/work/fzfx.nvim/fzfx.nvim/lua/fzfx/cfg/buffers.lua , size = 4.232 KB
[02:33:08.883][info] [#0:script/workspace/loading.lua:101]: Preload file at: file:///home/runner/work/fzfx.nvim/fzfx.nvim/lua/fzfx/cfg/file_explorer.lua , size = 8.119 KB
[02:33:08.901][info] [#0:script/workspace/loading.lua:101]: Preload file at: file:///home/runner/work/fzfx.nvim/fzfx.nvim/lua/fzfx/cfg/buf_live_grep.lua , size = 4.308 KB
[02:33:08.904][info] [#0:script/workspace/loading.lua:101]: Preload file at: file:///home/runner/work/fzfx.nvim/fzfx.nvim/lua/fzfx/detail/bat_helpers.lua , size = 26.044 KB
[02:33:08.915][info] [#0:script/workspace/loading.lua:101]: Preload file at: file:///home/runner/work/fzfx.nvim/fzfx.nvim/lua/fzfx/detail/rpcserver.lua , size = 3.984 KB
[02:33:08.917][info] [#0:script/workspace/loading.lua:101]: Preload file at: file:///home/runner/work/fzfx.nvim/fzfx.nvim/lua/fzfx/detail/shell_helpers.lua , size = 2.274 KB
[02:33:08.919][info] [#0:script/workspace/loading.lua:101]: Preload file at: file:///home/runner/work/fzfx.nvim/fzfx.nvim/lua/fzfx/detail/module.lua , size = 2.147 KB
[02:33:08.920][info] [#0:script/workspace/loading.lua:101]: Preload file at: file:///home/runner/work/fzfx.nvim/fzfx.nvim/lua/fzfx/detail/yanks.lua , size = 2.898 KB
[02:33:08.922][info] [#0:script/workspace/loading.lua:101]: Preload file at: file:///home/runner/work/fzfx.nvim/fzfx.nvim/lua/fzfx/detail/popup/buffer_popup_window.lua , size = 23.997 KB
[02:33:08.932][info] [#0:script/workspace/loading.lua:101]: Preload file at: file:///home/runner/work/fzfx.nvim/fzfx.nvim/lua/fzfx/detail/popup/fzf_popup_window.lua , size = 3.937 KB
[02:33:08.934][info] [#0:script/workspace/loading.lua:101]: Preload file at: file:///home/runner/work/fzfx.nvim/fzfx.nvim/lua/fzfx/detail/popup/popup_helpers.lua , size = 9.057 KB
[02:33:08.939][info] [#0:script/workspace/loading.lua:101]: Preload file at: file:///home/runner/work/fzfx.nvim/fzfx.nvim/lua/fzfx/detail/general.lua , size = 47.309 KB
[02:33:08.961][info] [#0:script/workspace/loading.lua:101]: Preload file at: file:///home/runner/work/fzfx.nvim/fzfx.nvim/lua/fzfx/detail/fzf_helpers.lua , size = 22.096 KB
[02:33:08.973][info] [#0:script/workspace/loading.lua:101]: Preload file at: file:///home/runner/work/fzfx.nvim/fzfx.nvim/lua/fzfx/detail/popup.lua , size = 10.297 KB
[02:33:08.978][info] [#0:script/workspace/loading.lua:173]: Loaded files takes [0.370] sec: file:///home/runner/work/fzfx.nvim/fzfx.nvim/lua
[02:33:08.979][info] [#0:script/workspace/loading.lua:182]: Compile files takes [0.000] sec: file:///home/runner/work/fzfx.nvim/fzfx.nvim/lua
[02:33:08.979][info] [#0:script/workspace/loading.lua:183]: Loaded finish:	file:///home/runner/work/fzfx.nvim/fzfx.nvim/lua
[02:33:08.979][info] [#0:script/workspace/workspace.lua:381]: Preload finish at:	file:///home/runner/work/fzfx.nvim/fzfx.nvim/lua
[02:33:08.985][info] [#0:script/provider/diagnostic.lua:557]: Diagnostics scope [file:///home/runner/work/fzfx.nvim/fzfx.nvim/lua], files count:[99]
[02:33:14.214][info] [#0:script/provider/diagnostic.lua:574]: Diagnostics scope [file:///home/runner/work/fzfx.nvim/fzfx.nvim/lua] finished, takes [5.229] sec.
